P dead
R dead
R 0 0 600 3 19
K 0 0 900 13 3
K dead
K 0 0 900 5 14
K 0 0 900 8 17
P 0 200 220 8 11
W 0 0 135 10 9
P 0 0 500 18 2
R 0 0 600 13 1
W 0 0 135 7 4
P 0 0 190 12 13
K dead
W dead
W dead
R dead
P 0 0 500 18 3
W dead
K dead
P 0 200 100 13 2
P dead
P 0 0 500 1 18
P dead
W dead
R dead
P dead
P 0 200 220 10 14
K 0 200 240 19 13
W 0 0 375 16 11
K 0 200 412 17 13
K 0 0 75 12 10
R dead
W dead
R dead
P 0 0 100 4 8
K 0 0 900 10 7
W dead
R 0 0 600 18 0
K 0 0 900 3 13
P 0 200 190 9 4
W dead
K 0 200 240 19 9
R 0 200 264 7 0
K 0 200 532 5 1
R 0 0 160 2 11
P dead
W dead
K dead
P dead
